2026-01-19 11:08:19 INFO  GobangGameUI:139 - Started check for update
2026-01-19 11:08:23 INFO  GobangGameUI:167 - Update check finished with no update available
2026-01-19 11:20:17 INFO  GobangGameUI:141 - Started check for update
2026-01-19 11:20:21 ERROR GobangGameUI:54 - Update check failed! 
org.kohsuke.github.HttpException: {
  "message": "Bad credentials",
  "documentation_url": "https://docs.github.com/rest",
  "status": "401"
}
	at org.kohsuke.github.GitHubConnectorResponseErrorHandler$1.onError(GitHubConnectorResponseErrorHandler.java:62)
	at org.kohsuke.github.GitHubClient.detectKnownErrors(GitHubClient.java:504)
	at org.kohsuke.github.GitHubClient.sendRequest(GitHubClient.java:464)
	at org.kohsuke.github.GitHubClient.sendRequest(GitHubClient.java:427)
	at org.kohsuke.github.Requester.fetch(Requester.java:85)
	at org.kohsuke.github.GHRepository.read(GHRepository.java:147)
	at org.kohsuke.github.GitHub.getRepository(GitHub.java:687)
	at com.eric.GobangGame.GobangGameUI.GetLatestVer(GobangGameUI.java:49)
	at com.eric.GobangGame.GobangGameUI$1.doInBackground(GobangGameUI.java:147)
	at com.eric.GobangGame.GobangGameUI$1.doInBackground(GobangGameUI.java:144)
	at java.desktop/javax.swing.SwingWorker$1.call(SwingWorker.java:303)
	at java.base/java.util.concurrent.FutureTask.run(FutureTask.java:328)
	at java.desktop/javax.swing.SwingWorker.run(SwingWorker.java:340)
	at java.base/java.util.concurrent.ThreadPoolExecutor.runWorker(ThreadPoolExecutor.java:1090)
	at java.base/java.util.concurrent.ThreadPoolExecutor$Worker.run(ThreadPoolExecutor.java:614)
	at java.base/java.lang.Thread.run(Thread.java:1474)
2026-01-19 11:20:21 ERROR GobangGameUI:178 - Update check finished with unexpected error!
2026-01-19 11:22:29 INFO  GobangGameUI:139 - Started check for update
2026-01-19 11:22:32 ERROR GobangGameUI:54 - Update check failed! 
org.kohsuke.github.HttpException: {
  "message": "Bad credentials",
  "documentation_url": "https://docs.github.com/rest",
  "status": "401"
}
	at org.kohsuke.github.GitHubConnectorResponseErrorHandler$1.onError(GitHubConnectorResponseErrorHandler.java:62)
	at org.kohsuke.github.GitHubClient.detectKnownErrors(GitHubClient.java:504)
	at org.kohsuke.github.GitHubClient.sendRequest(GitHubClient.java:464)
	at org.kohsuke.github.GitHubClient.sendRequest(GitHubClient.java:427)
	at org.kohsuke.github.Requester.fetch(Requester.java:85)
	at org.kohsuke.github.GHRepository.read(GHRepository.java:147)
	at org.kohsuke.github.GitHub.getRepository(GitHub.java:687)
	at com.eric.GobangGame.GobangGameUI.GetLatestVer(GobangGameUI.java:49)
	at com.eric.GobangGame.GobangGameUI$1.doInBackground(GobangGameUI.java:145)
	at com.eric.GobangGame.GobangGameUI$1.doInBackground(GobangGameUI.java:142)
	at java.desktop/javax.swing.SwingWorker$1.call(SwingWorker.java:303)
	at java.base/java.util.concurrent.FutureTask.run(FutureTask.java:328)
	at java.desktop/javax.swing.SwingWorker.run(SwingWorker.java:340)
	at java.base/java.util.concurrent.ThreadPoolExecutor.runWorker(ThreadPoolExecutor.java:1090)
	at java.base/java.util.concurrent.ThreadPoolExecutor$Worker.run(ThreadPoolExecutor.java:614)
	at java.base/java.lang.Thread.run(Thread.java:1474)
2026-01-19 11:22:33 ERROR GobangGameUI:176 - Update check finished with unexpected error!
2026-01-19 11:31:19 INFO  GobangGameUI:141 - Started check for update
2026-01-19 11:31:23 ERROR GobangGameUI:56 - Update check failed! 
org.kohsuke.github.HttpException: {
  "message": "Bad credentials",
  "documentation_url": "https://docs.github.com/rest",
  "status": "401"
}
	at org.kohsuke.github.GitHubConnectorResponseErrorHandler$1.onError(GitHubConnectorResponseErrorHandler.java:62)
	at org.kohsuke.github.GitHubClient.detectKnownErrors(GitHubClient.java:504)
	at org.kohsuke.github.GitHubClient.sendRequest(GitHubClient.java:464)
	at org.kohsuke.github.GitHubClient.sendRequest(GitHubClient.java:427)
	at org.kohsuke.github.Requester.fetch(Requester.java:85)
	at org.kohsuke.github.GHRepository.read(GHRepository.java:147)
	at org.kohsuke.github.GitHub.getRepository(GitHub.java:687)
	at com.eric.GobangGame.GobangGameUI.GetLatestVer(GobangGameUI.java:51)
	at com.eric.GobangGame.GobangGameUI$1.doInBackground(GobangGameUI.java:147)
	at com.eric.GobangGame.GobangGameUI$1.doInBackground(GobangGameUI.java:144)
	at java.desktop/javax.swing.SwingWorker$1.call(SwingWorker.java:303)
	at java.base/java.util.concurrent.FutureTask.run(FutureTask.java:328)
	at java.desktop/javax.swing.SwingWorker.run(SwingWorker.java:340)
	at java.base/java.util.concurrent.ThreadPoolExecutor.runWorker(ThreadPoolExecutor.java:1090)
	at java.base/java.util.concurrent.ThreadPoolExecutor$Worker.run(ThreadPoolExecutor.java:614)
	at java.base/java.lang.Thread.run(Thread.java:1474)
2026-01-19 11:31:23 ERROR GobangGameUI:178 - Update check finished with unexpected error!
2026-01-19 13:06:59 INFO  GobangGameUI:149 - Started check for update
2026-01-19 13:07:05 INFO  GobangGameUI:179 - Update check finished with no update available
2026-01-19 13:09:05 INFO  GobangGameUI:151 - Started check for update
2026-01-19 13:09:08 ERROR GobangGameUI:57 - org.kohsuke.github.HttpException: {
  "message": "Bad credentials",
  "documentation_url": "https://docs.github.com/rest",
  "status": "401"
}
2026-01-19 13:09:08 WARN  GobangGameUI:58 - Unexpected error occured, trying to retrieve without OAuth Token
2026-01-19 13:09:10 INFO  GobangGameUI:181 - Update check finished with no update available
2026-01-19 13:10:34 INFO  GobangGameUI:148 - Started check for update
2026-01-19 13:10:37 ERROR GobangGameUI:54 - org.kohsuke.github.HttpException: {
  "message": "Bad credentials",
  "documentation_url": "https://docs.github.com/rest",
  "status": "401"
}
2026-01-19 13:10:37 WARN  GobangGameUI:55 - Unexpected error occured, trying to retrieve without OAuth Token
2026-01-19 13:10:39 INFO  GobangGameUI:178 - Update check finished with no update available
2026-01-19 13:11:31 INFO  GobangGameUI:148 - Started check for update
2026-01-19 13:11:35 ERROR GobangGameUI:54 - org.kohsuke.github.HttpException: {
  "message": "Bad credentials",
  "documentation_url": "https://docs.github.com/rest",
  "status": "401"
}
2026-01-19 13:11:35 WARN  GobangGameUI:55 - Unexpected error occured, trying to retrieve without OAuth Token
2026-01-19 13:11:36 INFO  GobangGameUI:178 - Update check finished with no update available
2026-01-19 19:33:33 INFO  GobangGameUI:147 - Started check for update
2026-01-19 19:33:36 ERROR GobangGameUI:53 - org.kohsuke.github.HttpException: {
  "message": "Bad credentials",
  "documentation_url": "https://docs.github.com/rest",
  "status": "401"
}
2026-01-19 19:33:36 WARN  GobangGameUI:54 - Unexpected error occured, trying to retrieve without using OAuth Token
2026-01-19 19:33:37 INFO  GobangGameUI:177 - Update check finished with no update available
2026-01-19 19:42:35 INFO  GobangGameUI:147 - Started check for update
2026-01-19 19:42:38 ERROR GobangGameUI:53 - org.kohsuke.github.HttpException: {
  "message": "Bad credentials",
  "documentation_url": "https://docs.github.com/rest",
  "status": "401"
}
2026-01-19 19:42:38 WARN  GobangGameUI:54 - Unexpected error occured, trying to retrieve without using OAuth Token
2026-01-19 19:42:40 INFO  GobangGameUI:177 - Update check finished with no update available
2026-01-20 17:22:22 INFO  GobangGameUI:147 - Started check for update
2026-01-20 17:22:26 ERROR GobangGameUI:53 - org.kohsuke.github.HttpException: {
  "message": "Bad credentials",
  "documentation_url": "https://docs.github.com/rest",
  "status": "401"
}
2026-01-20 17:22:26 WARN  GobangGameUI:54 - Unexpected error occured, trying to retrieve without using OAuth Token
2026-01-20 17:22:27 INFO  GobangGameUI:177 - Update check finished with no update available
2026-01-20 17:29:54 INFO  GobangGameUI:150 - Started check for update
2026-01-20 17:30:01 ERROR GobangGameUI:53 - org.kohsuke.github.HttpException: {
  "message": "Bad credentials",
  "documentation_url": "https://docs.github.com/rest",
  "status": "401"
}
2026-01-20 17:30:01 WARN  GobangGameUI:54 - Unexpected error occured, trying to retrieve without using OAuth Token
2026-01-20 17:30:03 INFO  GobangGameUI:180 - Update check finished with no update available
2026-01-20 17:44:36 INFO  GobangGameUI:151 - Started check for update
2026-01-20 17:44:42 ERROR GobangGameUI:53 - org.kohsuke.github.HttpException: {
  "message": "Bad credentials",
  "documentation_url": "https://docs.github.com/rest",
  "status": "401"
}
2026-01-20 17:44:42 WARN  GobangGameUI:54 - Unexpected error occured, trying to retrieve without using OAuth Token
2026-01-20 17:44:44 INFO  GobangGameUI:181 - Update check finished with no update available
2026-01-20 18:44:43 INFO  GobangGameUI:151 - Started check for update
2026-01-20 18:44:47 ERROR GobangGameUI:53 - org.kohsuke.github.HttpException: {
  "message": "Bad credentials",
  "documentation_url": "https://docs.github.com/rest",
  "status": "401"
}
2026-01-20 18:44:47 WARN  GobangGameUI:54 - Unexpected error occured, trying to retrieve without using OAuth Token
2026-01-20 18:44:49 INFO  GobangGameUI:181 - Update check finished with no update available
2026-01-20 18:46:21 INFO  GobangGameUI:151 - Started check for update
2026-01-20 18:46:27 ERROR GobangGameUI:53 - org.kohsuke.github.HttpException: {
  "message": "Bad credentials",
  "documentation_url": "https://docs.github.com/rest",
  "status": "401"
}
2026-01-20 18:46:27 WARN  GobangGameUI:54 - Unexpected error occured, trying to retrieve without using OAuth Token
2026-01-20 18:46:28 INFO  GobangGameUI:181 - Update check finished with no update available
2026-01-20 18:48:16 INFO  GobangGameUI:151 - Started check for update
2026-01-20 18:48:19 ERROR GobangGameUI:53 - org.kohsuke.github.HttpException: {
  "message": "Bad credentials",
  "documentation_url": "https://docs.github.com/rest",
  "status": "401"
}
2026-01-20 18:48:19 WARN  GobangGameUI:54 - Unexpected error occured, trying to retrieve without using OAuth Token
2026-01-20 18:48:21 INFO  GobangGameUI:181 - Update check finished with no update available
2026-01-20 18:57:55 INFO  GobangGameUI:151 - Started check for update
2026-01-20 18:57:59 ERROR GobangGameUI:53 - org.kohsuke.github.HttpException: {
  "message": "Bad credentials",
  "documentation_url": "https://docs.github.com/rest",
  "status": "401"
}
2026-01-20 18:57:59 WARN  GobangGameUI:54 - Unexpected error occured, trying to retrieve without using OAuth Token
2026-01-20 18:58:00 INFO  GobangGameUI:181 - Update check finished with no update available
2026-01-20 18:59:36 INFO  GobangGameUI:151 - Started check for update
2026-01-20 18:59:39 ERROR GobangGameUI:53 - org.kohsuke.github.HttpException: {
  "message": "Bad credentials",
  "documentation_url": "https://docs.github.com/rest",
  "status": "401"
}
2026-01-20 18:59:39 WARN  GobangGameUI:54 - Unexpected error occured, trying to retrieve without using OAuth Token
2026-01-20 18:59:41 INFO  GobangGameUI:181 - Update check finished with no update available
2026-01-21 15:10:48 INFO  GobangGameUI:173 - Started check for update
2026-01-21 15:10:51 ERROR GobangGameUI:75 - org.kohsuke.github.HttpException: {
  "message": "Bad credentials",
  "documentation_url": "https://docs.github.com/rest",
  "status": "401"
}
2026-01-21 15:10:51 WARN  GobangGameUI:76 - Unexpected error occured, trying to retrieve without using OAuth Token
2026-01-21 15:10:53 INFO  GobangGameUI:203 - Update check finished with no update available
2026-01-21 15:11:15 ERROR GobangGameUI:861 - Unexpected error occurred while loading languages, setting language back to original
2026-01-21 15:11:15 INFO  GobangGameUI:173 - Started check for update
2026-01-21 15:11:20 ERROR GobangGameUI:75 - org.kohsuke.github.HttpException: {
  "message": "Bad credentials",
  "documentation_url": "https://docs.github.com/rest",
  "status": "401"
}
2026-01-21 15:11:20 WARN  GobangGameUI:76 - Unexpected error occured, trying to retrieve without using OAuth Token
2026-01-21 15:13:38 INFO  GobangGameUI:203 - Update check finished with no update available
2026-01-21 15:14:57 ERROR GobangGameUI:58 - Error loading settings, using default
com.fasterxml.jackson.databind.exc.UnrecognizedPropertyException: Unrecognized field "lang" (class com.eric.GobangGame.GobangSettingLoader), not marked as ignorable (2 known properties: "language", "country"])
 at [Source: REDACTED (`StreamReadFeature.INCLUDE_SOURCE_IN_LOCATION` disabled); line: 2, column: 13] (through reference chain: com.eric.GobangGame.GobangSettingLoader["lang"])
	at com.fasterxml.jackson.databind.exc.UnrecognizedPropertyException.from(UnrecognizedPropertyException.java:61)
	at com.fasterxml.jackson.databind.DeserializationContext.handleUnknownProperty(DeserializationContext.java:1153)
	at com.fasterxml.jackson.databind.deser.std.StdDeserializer.handleUnknownProperty(StdDeserializer.java:2241)
	at com.fasterxml.jackson.databind.deser.BeanDeserializerBase.handleUnknownProperty(BeanDeserializerBase.java:1793)
	at com.fasterxml.jackson.databind.deser.BeanDeserializerBase.handleUnknownVanilla(BeanDeserializerBase.java:1771)
	at com.fasterxml.jackson.databind.deser.BeanDeserializer.vanillaDeserialize(BeanDeserializer.java:316)
	at com.fasterxml.jackson.databind.deser.BeanDeserializer.deserialize(BeanDeserializer.java:177)
	at com.fasterxml.jackson.databind.deser.DefaultDeserializationContext.readRootValue(DefaultDeserializationContext.java:342)
	at com.fasterxml.jackson.databind.ObjectMapper._readMapAndClose(ObjectMapper.java:4905)
	at com.fasterxml.jackson.databind.ObjectMapper.readValue(ObjectMapper.java:3713)
	at com.eric.GobangGame.GobangSettingLoader.loadSettings(GobangSettingLoader.java:24)
	at com.eric.GobangGame.GobangGameUI.<init>(GobangGameUI.java:49)
	at com.eric.GobangGame.GobangGame.<init>(GobangGame.java:51)
	at com.eric.GobangGame.GobangGame.lambda$main$0(GobangGame.java:245)
	at java.desktop/java.awt.event.InvocationEvent.dispatch(InvocationEvent.java:323)
	at java.desktop/java.awt.EventQueue.dispatchEventImpl(EventQueue.java:723)
	at java.desktop/java.awt.EventQueue.dispatchEvent(EventQueue.java:702)
	at java.desktop/java.awt.EventDispatchThread.pumpOneEventForFilters(EventDispatchThread.java:203)
	at java.desktop/java.awt.EventDispatchThread.pumpEventsForFilter(EventDispatchThread.java:124)
	at java.desktop/java.awt.EventDispatchThread.pumpEventsForHierarchy(EventDispatchThread.java:113)
	at java.desktop/java.awt.EventDispatchThread.pumpEvents(EventDispatchThread.java:109)
	at java.desktop/java.awt.EventDispatchThread.pumpEvents(EventDispatchThread.java:101)
	at java.desktop/java.awt.EventDispatchThread.run(EventDispatchThread.java:90)
2026-01-21 15:14:57 INFO  GobangGameUI:186 - Started check for update
2026-01-21 15:15:02 ERROR GobangGameUI:88 - org.kohsuke.github.HttpException: {
  "message": "Bad credentials",
  "documentation_url": "https://docs.github.com/rest",
  "status": "401"
}
2026-01-21 15:15:02 WARN  GobangGameUI:89 - Unexpected error occured, trying to retrieve without using OAuth Token
2026-01-21 15:15:04 INFO  GobangGameUI:216 - Update check finished with no update available
2026-01-21 15:15:08 INFO  GobangSettingSaver:19 - Settings saved: zh_CN
2026-01-21 15:15:08 ERROR GobangGameUI:851 - Error saving settings
java.util.MissingResourceException: Can't find resource for bundle java.util.PropertyResourceBundle, key message.settings_saved
	at java.base/java.util.ResourceBundle.getObject(ResourceBundle.java:558)
	at java.base/java.util.ResourceBundle.getString(ResourceBundle.java:514)
	at com.eric.GobangGame.GobangGameUI.lambda$showSettingsDialog$1(GobangGameUI.java:847)
	at java.desktop/javax.swing.AbstractButton.fireActionPerformed(AbstractButton.java:1972)
	at java.desktop/javax.swing.AbstractButton$Handler.actionPerformed(AbstractButton.java:2314)
	at java.desktop/javax.swing.DefaultButtonModel.fireActionPerformed(DefaultButtonModel.java:407)
	at java.desktop/javax.swing.JToggleButton$ToggleButtonModel.setPressed(JToggleButton.java:411)
	at java.desktop/javax.swing.plaf.basic.BasicButtonListener.mouseReleased(BasicButtonListener.java:279)
	at java.desktop/java.awt.Component.processMouseEvent(Component.java:6576)
	at java.desktop/javax.swing.JComponent.processMouseEvent(JComponent.java:3404)
	at java.desktop/java.awt.Component.processEvent(Component.java:6341)
	at java.desktop/java.awt.Container.processEvent(Container.java:2260)
	at java.desktop/java.awt.Component.dispatchEventImpl(Component.java:4958)
	at java.desktop/java.awt.Container.dispatchEventImpl(Container.java:2318)
	at java.desktop/java.awt.Component.dispatchEvent(Component.java:4790)
	at java.desktop/java.awt.LightweightDispatcher.retargetMouseEvent(Container.java:4917)
	at java.desktop/java.awt.LightweightDispatcher.processMouseEvent(Container.java:4560)
	at java.desktop/java.awt.LightweightDispatcher.dispatchEvent(Container.java:4501)
	at java.desktop/java.awt.Container.dispatchEventImpl(Container.java:2304)
	at java.desktop/java.awt.Window.dispatchEventImpl(Window.java:2671)
	at java.desktop/java.awt.Component.dispatchEvent(Component.java:4790)
	at java.desktop/java.awt.EventQueue.dispatchEventImpl(EventQueue.java:725)
	at java.desktop/java.awt.EventQueue.dispatchEvent(EventQueue.java:702)
	at java.desktop/java.awt.EventDispatchThread.pumpOneEventForFilters(EventDispatchThread.java:203)
	at java.desktop/java.awt.EventDispatchThread.pumpEventsForFilter(EventDispatchThread.java:124)
	at java.desktop/java.awt.EventDispatchThread.pumpEventsForHierarchy(EventDispatchThread.java:113)
	at java.desktop/java.awt.EventDispatchThread.pumpEvents(EventDispatchThread.java:109)
	at java.desktop/java.awt.EventDispatchThread.pumpEvents(EventDispatchThread.java:101)
	at java.desktop/java.awt.EventDispatchThread.run(EventDispatchThread.java:90)
2026-01-21 15:27:34 INFO  GobangGameUI:186 - Started check for update
2026-01-21 15:27:39 ERROR GobangGameUI:88 - org.kohsuke.github.HttpException: {
  "message": "Bad credentials",
  "documentation_url": "https://docs.github.com/rest",
  "status": "401"
}
2026-01-21 15:27:39 WARN  GobangGameUI:89 - Unexpected error occured, trying to retrieve without using OAuth Token
2026-01-21 15:27:40 INFO  GobangGameUI:216 - Update check finished with no update available
2026-01-21 15:27:44 INFO  GobangSettingSaver:19 - Settings saved
2026-01-21 15:35:10 WARN  GobangSettingLoader:27 - New format parsing failed, trying old format...
2026-01-21 15:35:10 ERROR GobangGameUI:58 - Error loading settings, using default
com.fasterxml.jackson.databind.exc.UnrecognizedPropertyException: Unrecognized field "language" (class com.eric.GobangGame.AppSettingsModel), not marked as ignorable (one known property: "locale"])
 at [Source: REDACTED (`StreamReadFeature.INCLUDE_SOURCE_IN_LOCATION` disabled); line: 2, column: 17] (through reference chain: com.eric.GobangGame.AppSettingsModel["language"])
	at com.fasterxml.jackson.databind.exc.UnrecognizedPropertyException.from(UnrecognizedPropertyException.java:61)
	at com.fasterxml.jackson.databind.DeserializationContext.handleUnknownProperty(DeserializationContext.java:1153)
	at com.fasterxml.jackson.databind.deser.std.StdDeserializer.handleUnknownProperty(StdDeserializer.java:2241)
	at com.fasterxml.jackson.databind.deser.BeanDeserializerBase.handleUnknownProperty(BeanDeserializerBase.java:1793)
	at com.fasterxml.jackson.databind.deser.BeanDeserializerBase.handleUnknownVanilla(BeanDeserializerBase.java:1771)
	at com.fasterxml.jackson.databind.deser.BeanDeserializer.vanillaDeserialize(BeanDeserializer.java:316)
	at com.fasterxml.jackson.databind.deser.BeanDeserializer.deserialize(BeanDeserializer.java:177)
	at com.fasterxml.jackson.databind.deser.DefaultDeserializationContext.readRootValue(DefaultDeserializationContext.java:342)
	at com.fasterxml.jackson.databind.ObjectMapper._readMapAndClose(ObjectMapper.java:4905)
	at com.fasterxml.jackson.databind.ObjectMapper.readValue(ObjectMapper.java:3848)
	at com.fasterxml.jackson.databind.ObjectMapper.readValue(ObjectMapper.java:3816)
	at com.eric.GobangGame.GobangSettingLoader.loadSettings(GobangSettingLoader.java:24)
	at com.eric.GobangGame.GobangGameUI.<init>(GobangGameUI.java:49)
	at com.eric.GobangGame.GobangGame.<init>(GobangGame.java:51)
	at com.eric.GobangGame.GobangGame.lambda$main$0(GobangGame.java:245)
	at java.desktop/java.awt.event.InvocationEvent.dispatch(InvocationEvent.java:323)
	at java.desktop/java.awt.EventQueue.dispatchEventImpl(EventQueue.java:723)
	at java.desktop/java.awt.EventQueue.dispatchEvent(EventQueue.java:702)
	at java.desktop/java.awt.EventDispatchThread.pumpOneEventForFilters(EventDispatchThread.java:203)
	at java.desktop/java.awt.EventDispatchThread.pumpEventsForFilter(EventDispatchThread.java:124)
	at java.desktop/java.awt.EventDispatchThread.pumpEventsForHierarchy(EventDispatchThread.java:113)
	at java.desktop/java.awt.EventDispatchThread.pumpEvents(EventDispatchThread.java:109)
	at java.desktop/java.awt.EventDispatchThread.pumpEvents(EventDispatchThread.java:101)
	at java.desktop/java.awt.EventDispatchThread.run(EventDispatchThread.java:90)
2026-01-21 15:35:10 INFO  GobangGameUI:186 - Started check for update
2026-01-21 15:35:19 ERROR GobangGameUI:88 - org.kohsuke.github.HttpException: {
  "message": "Bad credentials",
  "documentation_url": "https://docs.github.com/rest",
  "status": "401"
}
2026-01-21 15:35:19 WARN  GobangGameUI:89 - Unexpected error occured, trying to retrieve without using OAuth Token
2026-01-21 15:35:21 INFO  GobangGameUI:216 - Update check finished with no update available
2026-01-21 15:35:28 INFO  GobangSettingSaver:21 - Settings saved: zh_CN
2026-01-21 15:35:45 INFO  GobangGameHandler:43 - Game ended with player 1winning
2026-01-21 17:25:30 INFO  GobangGameUI:186 - Started check for update
2026-01-21 17:25:33 ERROR GobangGameUI:88 - org.kohsuke.github.HttpException: {
  "message": "Bad credentials",
  "documentation_url": "https://docs.github.com/rest",
  "status": "401"
}
2026-01-21 17:25:33 WARN  GobangGameUI:89 - Unexpected error occured, trying to retrieve without using OAuth Token
2026-01-21 17:25:34 INFO  GobangGameUI:216 - Update check finished with no update available
2026-01-21 17:25:43 INFO  GobangSettingSaver:22 - Settings saved: en_US
2026-01-21 17:27:28 INFO  GobangGameUI:186 - Started check for update
2026-01-21 17:27:31 ERROR GobangGameUI:88 - org.kohsuke.github.HttpException: {
  "message": "Bad credentials",
  "documentation_url": "https://docs.github.com/rest",
  "status": "401"
}
2026-01-21 17:27:31 WARN  GobangGameUI:89 - Unexpected error occured, trying to retrieve without using OAuth Token
2026-01-21 17:27:32 INFO  GobangGameUI:216 - Update check finished with no update available
